<?xml version="1.0" encoding="UTF-8"?>
<testsuite xmlns:xsi="http://www.w3.org/2001/XMLSchema-instance" xsi:noNamespaceSchemaLocation="https://maven.apache.org/surefire/maven-surefire-plugin/xsd/surefire-test-report-3.0.xsd" version="3.0" name="TestSuite" time="110.412" tests="11" errors="0" skipped="2" failures="1">
  <properties>
    <property name="surefire.suiteXmlFiles" value="C://Users//samarjit_kundu//Desktop//45861_Akash_Ninav_Playwright_101//45861_Akash_Ninav_Playwright_101//Playwright1//testng.xml"/>
    <property name="java.specification.version" value="21"/>
    <property name="sun.cpu.isalist" value="amd64"/>
    <property name="sun.jnu.encoding" value="Cp1252"/>
    <property name="java.class.path" value="C:\Users\samarjit_kundu\Desktop\45861_Akash_Ninav_Playwright_101\45861_Akash_Ninav_Playwright_101\Playwright1\target\test-classes;C:\Users\samarjit_kundu\Desktop\45861_Akash_Ninav_Playwright_101\45861_Akash_Ninav_Playwright_101\Playwright1\target\classes;C:\Users\samarjit_kundu\.m2\repository\com\microsoft\playwright\playwright\1.49.0\playwright-1.49.0.jar;C:\Users\samarjit_kundu\.m2\repository\com\google\code\gson\gson\2.11.0\gson-2.11.0.jar;C:\Users\samarjit_kundu\.m2\repository\com\google\errorprone\error_prone_annotations\2.27.0\error_prone_annotations-2.27.0.jar;C:\Users\samarjit_kundu\.m2\repository\org\opentest4j\opentest4j\1.3.0\opentest4j-1.3.0.jar;C:\Users\samarjit_kundu\.m2\repository\com\microsoft\playwright\driver\1.49.0\driver-1.49.0.jar;C:\Users\samarjit_kundu\.m2\repository\com\microsoft\playwright\driver-bundle\1.49.0\driver-bundle-1.49.0.jar;C:\Users\samarjit_kundu\.m2\repository\org\testng\testng\6.14.2\testng-6.14.2.jar;C:\Users\samarjit_kundu\.m2\repository\com\beust\jcommander\1.72\jcommander-1.72.jar;C:\Users\samarjit_kundu\.m2\repository\org\apache-extras\beanshell\bsh\2.0b6\bsh-2.0b6.jar;"/>
    <property name="java.vm.vendor" value="Eclipse Adoptium"/>
    <property name="sun.arch.data.model" value="64"/>
    <property name="user.variant" value=""/>
    <property name="java.vendor.url" value="https://adoptium.net/"/>
    <property name="user.timezone" value="Asia/Calcutta"/>
    <property name="os.name" value="Windows 11"/>
    <property name="java.vm.specification.version" value="21"/>
    <property name="sun.java.launcher" value="SUN_STANDARD"/>
    <property name="user.country" value="US"/>
    <property name="sun.boot.library.path" value="C:\Program Files\Eclipse Adoptium\jdk-21.0.4.7-hotspot\bin"/>
    <property name="sun.java.command" value="C:\Users\samarjit_kundu\AppData\Local\Temp\surefire5359148120469022783\surefirebooter-20250327022059441_3.jar C:\Users\samarjit_kundu\AppData\Local\Temp\surefire5359148120469022783 2025-03-27T02-20-59_152-jvmRun1 surefire-20250327022059441_1tmp surefire_0-20250327022059441_2tmp"/>
    <property name="jdk.debug" value="release"/>
    <property name="surefire.test.class.path" value="C:\Users\samarjit_kundu\Desktop\45861_Akash_Ninav_Playwright_101\45861_Akash_Ninav_Playwright_101\Playwright1\target\test-classes;C:\Users\samarjit_kundu\Desktop\45861_Akash_Ninav_Playwright_101\45861_Akash_Ninav_Playwright_101\Playwright1\target\classes;C:\Users\samarjit_kundu\.m2\repository\com\microsoft\playwright\playwright\1.49.0\playwright-1.49.0.jar;C:\Users\samarjit_kundu\.m2\repository\com\google\code\gson\gson\2.11.0\gson-2.11.0.jar;C:\Users\samarjit_kundu\.m2\repository\com\google\errorprone\error_prone_annotations\2.27.0\error_prone_annotations-2.27.0.jar;C:\Users\samarjit_kundu\.m2\repository\org\opentest4j\opentest4j\1.3.0\opentest4j-1.3.0.jar;C:\Users\samarjit_kundu\.m2\repository\com\microsoft\playwright\driver\1.49.0\driver-1.49.0.jar;C:\Users\samarjit_kundu\.m2\repository\com\microsoft\playwright\driver-bundle\1.49.0\driver-bundle-1.49.0.jar;C:\Users\samarjit_kundu\.m2\repository\org\testng\testng\6.14.2\testng-6.14.2.jar;C:\Users\samarjit_kundu\.m2\repository\com\beust\jcommander\1.72\jcommander-1.72.jar;C:\Users\samarjit_kundu\.m2\repository\org\apache-extras\beanshell\bsh\2.0b6\bsh-2.0b6.jar;"/>
    <property name="sun.cpu.endian" value="little"/>
    <property name="user.home" value="C:\Users\samarjit_kundu"/>
    <property name="user.language" value="en"/>
    <property name="java.specification.vendor" value="Oracle Corporation"/>
    <property name="java.version.date" value="2024-07-16"/>
    <property name="java.home" value="C:\Program Files\Eclipse Adoptium\jdk-21.0.4.7-hotspot"/>
    <property name="file.separator" value="\"/>
    <property name="basedir" value="C:\Users\samarjit_kundu\Desktop\45861_Akash_Ninav_Playwright_101\45861_Akash_Ninav_Playwright_101\Playwright1"/>
    <property name="java.vm.compressedOopsMode" value="Zero based"/>
    <property name="line.separator" value="&#10;"/>
    <property name="java.vm.specification.vendor" value="Oracle Corporation"/>
    <property name="java.specification.name" value="Java Platform API Specification"/>
    <property name="name" value="value"/>
    <property name="surefire.real.class.path" value="C:\Users\samarjit_kundu\AppData\Local\Temp\surefire5359148120469022783\surefirebooter-20250327022059441_3.jar"/>
    <property name="user.script" value=""/>
    <property name="sun.management.compiler" value="HotSpot 64-Bit Tiered Compilers"/>
    <property name="java.runtime.version" value="21.0.4+7-LTS"/>
    <property name="user.name" value="samarjit_kundu"/>
    <property name="stdout.encoding" value="UTF-8"/>
    <property name="path.separator" value=";"/>
    <property name="os.version" value="10.0"/>
    <property name="java.runtime.name" value="OpenJDK Runtime Environment"/>
    <property name="file.encoding" value="UTF-8"/>
    <property name="java.vm.name" value="OpenJDK 64-Bit Server VM"/>
    <property name="java.vendor.version" value="Temurin-21.0.4+7"/>
    <property name="localRepository" value="C:\Users\samarjit_kundu\.m2\repository"/>
    <property name="java.vendor.url.bug" value="https://github.com/adoptium/adoptium-support/issues"/>
    <property name="java.io.tmpdir" value="C:\Users\SAMARJ~1\AppData\Local\Temp\"/>
    <property name="java.version" value="21.0.4"/>
    <property name="user.dir" value="C:\Users\samarjit_kundu\Desktop\45861_Akash_Ninav_Playwright_101\45861_Akash_Ninav_Playwright_101\Playwright1"/>
    <property name="os.arch" value="amd64"/>
    <property name="java.vm.specification.name" value="Java Virtual Machine Specification"/>
    <property name="sun.os.patch.level" value=""/>
    <property name="native.encoding" value="Cp1252"/>
    <property name="java.library.path" value="C:\Program Files\Eclipse Adoptium\jdk-21.0.4.7-hotspot\bin;C:\WINDOWS\Sun\Java\bin;C:\WINDOWS\system32;C:\WINDOWS;C:\Users\samarjit_kundu\AppData\Roaming\Code\User\globalStorage\pleiades.java-extension-pack-jdk\gradle\latest\bin;C:\Users\samarjit_kundu\AppData\Roaming\Code\User\globalStorage\pleiades.java-extension-pack-jdk\maven\latest\bin;C:\Program Files\Eclipse Adoptium\jdk-21.0.4.7-hotspot\bin;C:\Program Files\Zulu\zulu-21\bin\;C:\Program Files\Eclipse Adoptium\jdk-21.0.4.7-hotspot\bin;C:\WINDOWS\system32;C:\WINDOWS;C:\WINDOWS\System32\Wbem;C:\WINDOWS\System32\WindowsPowerShell\v1.0\;C:\WINDOWS\System32\OpenSSH\;C:\Program Files\dotnet\;C:\Program Files\nodejs\;C:\Program Files\Apache\Maven;C:\Program Files\Git\cmd;C:\Users\samarjit_kundu\AppData\Local\Microsoft\WindowsApps;C:\Users\samarjit_kundu\.dotnet\tools;C:\Users\samarjit_kundu\AppData\Local\Programs\Microsoft VS Code\bin;C:\Users\samarjit_kundu\Downloads\apache-maven-3.9.9-bin\apache-maven-3.9.9\bin;;c:\Users\samarjit_kundu\AppData\Roaming\Code\User\globalStorage\github.copilot-chat\debugCommand;."/>
    <property name="java.vm.info" value="mixed mode, sharing"/>
    <property name="stderr.encoding" value="UTF-8"/>
    <property name="java.vendor" value="Eclipse Adoptium"/>
    <property name="java.vm.version" value="21.0.4+7-LTS"/>
    <property name="sun.io.unicode.encoding" value="UnicodeLittle"/>
    <property name="java.class.version" value="65.0"/>
  </properties>
  <testcase name="test_scenario1" classname="Playwright.PlaywrightTest101" time="5.067">
    <system-out><![CDATA[Welcome to LambdaTest
]]></system-out>
  </testcase>
  <testcase name="test_scenario1" classname="Playwright.PlaywrightTest101" time="6.06">
    <system-out><![CDATA[Welcome to LambdaTest
]]></system-out>
  </testcase>
  <testcase name="test_scenario1" classname="Playwright.PlaywrightTest101" time="3.689">
    <system-out><![CDATA[Welcome to LambdaTest
]]></system-out>
  </testcase>
  <testcase name="test_scenario2" classname="Playwright.PlaywrightTest101" time="2.923"/>
  <testcase name="test_scenario2" classname="Playwright.PlaywrightTest101" time="8.096"/>
  <testcase name="test_scenario2" classname="Playwright.PlaywrightTest101" time="5.78"/>
  <testcase name="setup[pw-firefox, latest, macOS Sequoia ](0)" classname="Playwright.PlaywrightTest101" time="10.73">
    <failure message="Error {&#10;  message=&apos;WebSocket error: connect ETIMEDOUT 43.204.87.215:80&#10;  name=&apos;Error&#10;  stack=&apos;Error: WebSocket error: connect ETIMEDOUT 43.204.87.215:80&#10;    at t.&lt;anonymous&gt; (C:\Users\SAMARJ~1\AppData\Local\Temp\playwright-java-2002165867467356372\package\lib\server\transport.js:60:16)&#10;    at t.emit (node:events:530:35)&#10;    at sa (C:\Users\SAMARJ~1\AppData\Local\Temp\playwright-java-2002165867467356372\package\lib\utilsBundleImpl\index.js:175:40894)&#10;    at ClientRequest.&lt;anonymous&gt; (C:\Users\SAMARJ~1\AppData\Local\Temp\playwright-java-2002165867467356372\package\lib\utilsBundleImpl\index.js:175:39145)&#10;    at ClientRequest.emit (node:events:518:28)&#10;    at emitErrorEvent (node:_http_client:103:11)&#10;    at _destroy (node:_http_client:886:9)&#10;    at onSocketNT (node:_http_client:906:5)&#10;    at process.processTicksAndRejections (node:internal/process/task_queues:91:21)&#10;}&#10;Call log:&#10;-   - &lt;ws connecting&gt; ws://cdp.lambdatest.com/playwright&#10;-   - &lt;ws error&gt; ws://cdp.lambdatest.com/playwright error connect ETIMEDOUT 43.204.87.215:80&#10;-   - &lt;ws connect error&gt; ws://cdp.lambdatest.com/playwright connect ETIMEDOUT 43.204.87.215:80&#10;-   - &lt;ws disconnected&gt; ws://cdp.lambdatest.com/playwright code=1006 reason=&#10;" type="com.microsoft.playwright.PlaywrightException"><![CDATA[com.microsoft.playwright.PlaywrightException: 
Error {
  message='WebSocket error: connect ETIMEDOUT 43.204.87.215:80
  name='Error
  stack='Error: WebSocket error: connect ETIMEDOUT 43.204.87.215:80
    at t.<anonymous> (C:\Users\SAMARJ~1\AppData\Local\Temp\playwright-java-2002165867467356372\package\lib\server\transport.js:60:16)
    at t.emit (node:events:530:35)
    at sa (C:\Users\SAMARJ~1\AppData\Local\Temp\playwright-java-2002165867467356372\package\lib\utilsBundleImpl\index.js:175:40894)
    at ClientRequest.<anonymous> (C:\Users\SAMARJ~1\AppData\Local\Temp\playwright-java-2002165867467356372\package\lib\utilsBundleImpl\index.js:175:39145)
    at ClientRequest.emit (node:events:518:28)
    at emitErrorEvent (node:_http_client:103:11)
    at _destroy (node:_http_client:886:9)
    at onSocketNT (node:_http_client:906:5)
    at process.processTicksAndRejections (node:internal/process/task_queues:91:21)
}
Call log:
-   - <ws connecting> ws://cdp.lambdatest.com/playwright
-   - <ws error> ws://cdp.lambdatest.com/playwright error connect ETIMEDOUT 43.204.87.215:80
-   - <ws connect error> ws://cdp.lambdatest.com/playwright connect ETIMEDOUT 43.204.87.215:80
-   - <ws disconnected> ws://cdp.lambdatest.com/playwright code=1006 reason=

	at com.microsoft.playwright.impl.WaitableResult.get(WaitableResult.java:56)
	at com.microsoft.playwright.impl.ChannelOwner.runUntil(ChannelOwner.java:132)
	at com.microsoft.playwright.impl.Connection.sendMessage(Connection.java:130)
	at com.microsoft.playwright.impl.ChannelOwner.sendMessage(ChannelOwner.java:118)
	at com.microsoft.playwright.impl.BrowserTypeImpl.connectImpl(BrowserTypeImpl.java:86)
	at com.microsoft.playwright.impl.BrowserTypeImpl.lambda$connect$1(BrowserTypeImpl.java:60)
	at com.microsoft.playwright.impl.LoggingSupport.withLogging(LoggingSupport.java:47)
	at com.microsoft.playwright.impl.ChannelOwner.withLogging(ChannelOwner.java:97)
	at com.microsoft.playwright.impl.BrowserTypeImpl.connect(BrowserTypeImpl.java:60)
	at com.microsoft.playwright.BrowserType.connect(BrowserType.java:1178)
	at Playwright.PlaywrightTest101.setup(PlaywrightTest101.java:53)
	at java.base/jdk.internal.reflect.DirectMethodHandleAccessor.invoke(DirectMethodHandleAccessor.java:103)
	at java.base/java.lang.reflect.Method.invoke(Method.java:580)
	at org.testng.internal.MethodInvocationHelper.invokeMethod(MethodInvocationHelper.java:124)
	at org.testng.internal.MethodInvocationHelper.invokeMethodConsideringTimeout(MethodInvocationHelper.java:59)
	at org.testng.internal.Invoker.invokeConfigurationMethod(Invoker.java:455)
	at org.testng.internal.Invoker.invokeConfigurations(Invoker.java:222)
	at org.testng.internal.Invoker.invokeMethod(Invoker.java:520)
	at org.testng.internal.Invoker.invokeTestMethod(Invoker.java:716)
	at org.testng.internal.Invoker.invokeTestMethods(Invoker.java:988)
	at org.testng.internal.TestMethodWorker.invokeTestMethods(TestMethodWorker.java:125)
	at org.testng.internal.TestMethodWorker.run(TestMethodWorker.java:109)
	at org.testng.TestRunner.privateRun(TestRunner.java:648)
	at org.testng.TestRunner.run(TestRunner.java:505)
	at org.testng.SuiteRunner.runTest(SuiteRunner.java:455)
	at org.testng.SuiteRunner.access$000(SuiteRunner.java:40)
	at org.testng.SuiteRunner$SuiteWorker.run(SuiteRunner.java:489)
	at org.testng.internal.thread.ThreadUtil$1.call(ThreadUtil.java:52)
	at java.base/java.util.concurrent.FutureTask.run(FutureTask.java:317)
	at java.base/java.util.concurrent.ThreadPoolExecutor.runWorker(ThreadPoolExecutor.java:1144)
	at java.base/java.util.concurrent.ThreadPoolExecutor$Worker.run(ThreadPoolExecutor.java:642)
	at java.base/java.lang.Thread.run(Thread.java:1583)
Caused by: com.microsoft.playwright.impl.DriverException: Error {
  message='WebSocket error: connect ETIMEDOUT 43.204.87.215:80
  name='Error
  stack='Error: WebSocket error: connect ETIMEDOUT 43.204.87.215:80
    at t.<anonymous> (C:\Users\SAMARJ~1\AppData\Local\Temp\playwright-java-2002165867467356372\package\lib\server\transport.js:60:16)
    at t.emit (node:events:530:35)
    at sa (C:\Users\SAMARJ~1\AppData\Local\Temp\playwright-java-2002165867467356372\package\lib\utilsBundleImpl\index.js:175:40894)
    at ClientRequest.<anonymous> (C:\Users\SAMARJ~1\AppData\Local\Temp\playwright-java-2002165867467356372\package\lib\utilsBundleImpl\index.js:175:39145)
    at ClientRequest.emit (node:events:518:28)
    at emitErrorEvent (node:_http_client:103:11)
    at _destroy (node:_http_client:886:9)
    at onSocketNT (node:_http_client:906:5)
    at process.processTicksAndRejections (node:internal/process/task_queues:91:21)
}
Call log:
-   - <ws connecting> ws://cdp.lambdatest.com/playwright
-   - <ws error> ws://cdp.lambdatest.com/playwright error connect ETIMEDOUT 43.204.87.215:80
-   - <ws connect error> ws://cdp.lambdatest.com/playwright connect ETIMEDOUT 43.204.87.215:80
-   - <ws disconnected> ws://cdp.lambdatest.com/playwright code=1006 reason=

	at com.microsoft.playwright.impl.Connection.dispatch(Connection.java:259)
	at com.microsoft.playwright.impl.Connection.processOneMessage(Connection.java:211)
	at com.microsoft.playwright.impl.ChannelOwner.runUntil(ChannelOwner.java:130)
	... 30 more
]]></failure>
  </testcase>
  <testcase name="test_scenario3" classname="Playwright.PlaywrightTest101" time="0.0">
    <skipped message="Error {&#10;  message=&apos;WebSocket error: connect ETIMEDOUT 43.204.87.215:80&#10;  name=&apos;Error&#10;  stack=&apos;Error: WebSocket error: connect ETIMEDOUT 43.204.87.215:80&#10;    at t.&lt;anonymous&gt; (C:\Users\SAMARJ~1\AppData\Local\Temp\playwright-java-2002165867467356372\package\lib\server\transport.js:60:16)&#10;    at t.emit (node:events:530:35)&#10;    at sa (C:\Users\SAMARJ~1\AppData\Local\Temp\playwright-java-2002165867467356372\package\lib\utilsBundleImpl\index.js:175:40894)&#10;    at ClientRequest.&lt;anonymous&gt; (C:\Users\SAMARJ~1\AppData\Local\Temp\playwright-java-2002165867467356372\package\lib\utilsBundleImpl\index.js:175:39145)&#10;    at ClientRequest.emit (node:events:518:28)&#10;    at emitErrorEvent (node:_http_client:103:11)&#10;    at _destroy (node:_http_client:886:9)&#10;    at onSocketNT (node:_http_client:906:5)&#10;    at process.processTicksAndRejections (node:internal/process/task_queues:91:21)&#10;}&#10;Call log:&#10;-   - &lt;ws connecting&gt; ws://cdp.lambdatest.com/playwright&#10;-   - &lt;ws error&gt; ws://cdp.lambdatest.com/playwright error connect ETIMEDOUT 43.204.87.215:80&#10;-   - &lt;ws connect error&gt; ws://cdp.lambdatest.com/playwright connect ETIMEDOUT 43.204.87.215:80&#10;-   - &lt;ws disconnected&gt; ws://cdp.lambdatest.com/playwright code=1006 reason=&#10;"/>
  </testcase>
  <testcase name="test_scenario3" classname="Playwright.PlaywrightTest101" time="13.663"/>
  <testcase name="test_scenario3" classname="Playwright.PlaywrightTest101" time="8.291"/>
  <testcase name="quitDriver" classname="Playwright.PlaywrightTest101" time="0.0">
    <skipped/>
  </testcase>
</testsuite>